Performing system checks...

System check identified no issues (0 silenced).
April 16, 2026 - 21:32:15
Django version 5.1.4, using settings 'campus_transport.settings'
Starting development server at http://127.0.0.1:8000/
Quit the server with CTRL-BREAK.

Performing system checks...

System check identified no issues (0 silenced).
April 16, 2026 - 22:57:39
Django version 5.1.4, using settings 'campus_transport.settings'
Starting development server at http://127.0.0.1:8000/
Quit the server with CTRL-BREAK.

Performing system checks...

System check identified no issues (0 silenced).
April 16, 2026 - 22:59:13
Django version 5.1.4, using settings 'campus_transport.settings'
Starting development server at http://127.0.0.1:8000/
Quit the server with CTRL-BREAK.

Performing system checks...

System check identified no issues (0 silenced).
Performing system checks...

System check identified no issues (0 silenced).
