Watching for file changes with StatReloader
C:\Users\user\OneDrive\Documents\Smart Transport - Senior Project\campus_transport\campus_transport\urls.py changed, reloading.
Watching for file changes with StatReloader
[16/Apr/2026 22:59:19] "GET /trips/api/live/ HTTP/1.1" 200 2042
[16/Apr/2026 22:59:43] "GET /trips/api/live/ HTTP/1.1" 200 2042
[16/Apr/2026 22:59:49] "GET /student/ HTTP/1.1" 200 6540
[16/Apr/2026 22:59:50] "GET /static/css/app.css HTTP/1.1" 200 11690
[16/Apr/2026 22:59:50] "GET /static/js/app.js HTTP/1.1" 200 427
[16/Apr/2026 22:59:51] "GET /trips/api/live/ HTTP/1.1" 200 2042
[16/Apr/2026 23:00:06] "GET /trips/api/live/ HTTP/1.1" 200 2042
[16/Apr/2026 23:00:15] "POST /logout/ HTTP/1.1" 302 0
[16/Apr/2026 23:00:17] "GET /login/ HTTP/1.1" 200 2297
[16/Apr/2026 23:00:19] "GET /static/css/app.css HTTP/1.1" 304 0
[16/Apr/2026 23:03:25] "GET /login/ HTTP/1.1" 200 3498
[16/Apr/2026 23:03:25] "GET /static/css/app.css HTTP/1.1" 200 15310
[16/Apr/2026 23:11:20] "GET /login/ HTTP/1.1" 200 3498
[16/Apr/2026 23:11:21] "GET /static/css/app.css HTTP/1.1" 304 0
[16/Apr/2026 23:15:05] "GET /login/ HTTP/1.1" 200 3498
[16/Apr/2026 23:15:05] "GET /static/css/app.css HTTP/1.1" 200 15484
[16/Apr/2026 23:15:16] "POST /login/ HTTP/1.1" 302 0
[16/Apr/2026 23:15:16] "GET /dashboard/ HTTP/1.1" 302 0
[16/Apr/2026 23:15:16] "GET /student/ HTTP/1.1" 200 6798
[16/Apr/2026 23:15:16] "GET /static/css/app.css HTTP/1.1" 304 0
[16/Apr/2026 23:15:16] "GET /trips/api/live/ HTTP/1.1" 200 2042
[16/Apr/2026 23:15:31] "GET /trips/api/live/ HTTP/1.1" 200 2042
[16/Apr/2026 23:15:46] "GET /trips/api/live/ HTTP/1.1" 200 2042
[16/Apr/2026 23:16:01] "GET /trips/api/live/ HTTP/1.1" 200 2042
[16/Apr/2026 23:16:16] "GET /trips/api/live/ HTTP/1.1" 200 2042
[16/Apr/2026 23:16:31] "GET /trips/api/live/ HTTP/1.1" 200 2042
[16/Apr/2026 23:16:46] "GET /trips/api/live/ HTTP/1.1" 200 2042
[16/Apr/2026 23:17:01] "GET /trips/api/live/ HTTP/1.1" 200 2042
[16/Apr/2026 23:17:16] "GET /trips/api/live/ HTTP/1.1" 200 2042
[16/Apr/2026 23:17:32] "GET /trips/api/live/ HTTP/1.1" 200 2042
[16/Apr/2026 23:17:47] "GET /trips/api/live/ HTTP/1.1" 200 2042
[16/Apr/2026 23:18:18] "GET /trips/api/live/ HTTP/1.1" 200 2042
[16/Apr/2026 23:19:12] "GET /trips/api/live/ HTTP/1.1" 200 2042
[16/Apr/2026 23:20:11] "GET /trips/api/live/ HTTP/1.1" 200 2042
[16/Apr/2026 23:21:11] "GET /trips/api/live/ HTTP/1.1" 200 2042
[16/Apr/2026 23:22:11] "GET /trips/api/live/ HTTP/1.1" 200 2042
[16/Apr/2026 23:23:11] "GET /trips/api/live/ HTTP/1.1" 200 2042
[16/Apr/2026 23:24:12] "GET /trips/api/live/ HTTP/1.1" 200 2042
[16/Apr/2026 23:25:12] "GET /trips/api/live/ HTTP/1.1" 200 2042
[16/Apr/2026 23:26:11] "GET /trips/api/live/ HTTP/1.1" 200 2042
[16/Apr/2026 23:27:11] "GET /trips/api/live/ HTTP/1.1" 200 2042
[16/Apr/2026 23:28:11] "GET /trips/api/live/ HTTP/1.1" 200 2042
[16/Apr/2026 23:29:11] "GET /trips/api/live/ HTTP/1.1" 200 2042
[16/Apr/2026 23:30:12] "GET /trips/api/live/ HTTP/1.1" 200 2042
Not Found: /accounts/register/
[16/Apr/2026 23:30:15] "GET /accounts/register/ HTTP/1.1" 404 5875
[16/Apr/2026 23:31:12] "GET /trips/api/live/ HTTP/1.1" 200 2042
[16/Apr/2026 23:32:11] "GET /trips/api/live/ HTTP/1.1" 200 2042
[16/Apr/2026 23:33:11] "GET /trips/api/live/ HTTP/1.1" 200 2042
[16/Apr/2026 23:34:13] "GET /trips/api/live/ HTTP/1.1" 200 2042
[16/Apr/2026 23:35:12] "GET /trips/api/live/ HTTP/1.1" 200 2042
[16/Apr/2026 23:36:13] "GET /trips/api/live/ HTTP/1.1" 200 2042
[16/Apr/2026 23:37:13] "GET /trips/api/live/ HTTP/1.1" 200 2042
[16/Apr/2026 23:38:12] "GET /trips/api/live/ HTTP/1.1" 200 2042
[16/Apr/2026 23:39:21] "GET /trips/api/live/ HTTP/1.1" 200 2042
[16/Apr/2026 23:40:11] "GET /trips/api/live/ HTTP/1.1" 200 2042
[16/Apr/2026 23:41:11] "GET /trips/api/live/ HTTP/1.1" 200 2042
[16/Apr/2026 23:42:12] "GET /trips/api/live/ HTTP/1.1" 200 2042
[16/Apr/2026 23:43:11] "GET /trips/api/live/ HTTP/1.1" 200 2042
[16/Apr/2026 23:44:13] "GET /trips/api/live/ HTTP/1.1" 200 2042
[16/Apr/2026 23:45:11] "GET /trips/api/live/ HTTP/1.1" 200 2042
[17/Apr/2026 08:04:49] "GET /trips/api/live/ HTTP/1.1" 200 2042
[17/Apr/2026 08:05:11] "GET /trips/api/live/ HTTP/1.1" 200 2042
[17/Apr/2026 08:06:11] "GET /trips/api/live/ HTTP/1.1" 200 2042
[17/Apr/2026 08:07:11] "GET /trips/api/live/ HTTP/1.1" 200 2042
[17/Apr/2026 08:08:11] "GET /trips/api/live/ HTTP/1.1" 200 2042
[17/Apr/2026 08:09:11] "GET /trips/api/live/ HTTP/1.1" 200 2042
[17/Apr/2026 08:10:11] "GET /trips/api/live/ HTTP/1.1" 200 2042
[17/Apr/2026 08:11:11] "GET /trips/api/live/ HTTP/1.1" 200 2042
[17/Apr/2026 08:12:11] "GET /trips/api/live/ HTTP/1.1" 200 2042
[17/Apr/2026 08:13:11] "GET /trips/api/live/ HTTP/1.1" 200 2042
[17/Apr/2026 08:14:11] "GET /trips/api/live/ HTTP/1.1" 200 2042
[17/Apr/2026 08:14:29] "GET /trips/api/live/ HTTP/1.1" 200 2042
[17/Apr/2026 08:14:31] "GET /trips/api/live/ HTTP/1.1" 200 2042
[17/Apr/2026 08:14:46] "GET /trips/api/live/ HTTP/1.1" 200 2042
[17/Apr/2026 08:15:08] "GET /trips/api/live/ HTTP/1.1" 200 2042
[17/Apr/2026 08:15:16] "GET /trips/api/live/ HTTP/1.1" 200 2042
[17/Apr/2026 08:15:36] "GET /trips/api/live/ HTTP/1.1" 200 2042
[17/Apr/2026 08:16:11] "GET /trips/api/live/ HTTP/1.1" 200 2042
[17/Apr/2026 08:16:57] "GET /trips/api/live/ HTTP/1.1" 200 2042
[17/Apr/2026 08:39:36] "GET / HTTP/1.1" 302 0
[17/Apr/2026 08:39:36] "GET /login/ HTTP/1.1" 200 3498
[17/Apr/2026 08:42:35] "GET / HTTP/1.1" 302 0
[17/Apr/2026 08:42:36] "GET /login/ HTTP/1.1" 200 5313
[17/Apr/2026 08:42:36] "GET /static/css/app.css HTTP/1.1" 304 0
[17/Apr/2026 08:42:36] "GET /static/js/app.js HTTP/1.1" 304 0
[17/Apr/2026 08:42:46] "POST /login/ HTTP/1.1" 302 0
[17/Apr/2026 08:42:46] "GET /dashboard/ HTTP/1.1" 302 0
[17/Apr/2026 08:42:46] "GET /student/ HTTP/1.1" 200 6798
[17/Apr/2026 08:42:47] "GET /trips/api/live/ HTTP/1.1" 200 2042
[17/Apr/2026 08:43:04] "GET /trips/api/live/ HTTP/1.1" 200 2042
[17/Apr/2026 08:43:18] "GET /trips/api/live/ HTTP/1.1" 200 2042
[17/Apr/2026 08:43:33] "GET /trips/api/live/ HTTP/1.1" 200 2042
[17/Apr/2026 08:43:48] "GET /trips/api/live/ HTTP/1.1" 200 2042
[17/Apr/2026 08:44:03] "GET /trips/api/live/ HTTP/1.1" 200 2042
C:\Users\user\OneDrive\Documents\Smart Transport - Senior Project\campus_transport\campus_transport\settings.py changed, reloading.
Watching for file changes with StatReloader
Exception in thread django-main-thread:
Traceback (most recent call last):
  File "C:\Users\user\OneDrive\Documents\Smart Transport - Senior Project\campus_transport\.venv\Lib\site-packages\django\core\servers\basehttp.py", line 48, in get_internal_wsgi_application
    return import_string(app_path)
           ^^^^^^^^^^^^^^^^^^^^^^^
  File "C:\Users\user\OneDrive\Documents\Smart Transport - Senior Project\campus_transport\.venv\Lib\site-packages\django\utils\module_loading.py", line 30, in import_string
    return cached_import(module_path, class_name)
           ^^^^^^^^^^^^^^^^^^^^^^^^^^^^^^^^^^^^^^
  File "C:\Users\user\OneDrive\Documents\Smart Transport - Senior Project\campus_transport\.venv\Lib\site-packages\django\utils\module_loading.py", line 15, in cached_import
    module = import_module(module_path)
             ^^^^^^^^^^^^^^^^^^^^^^^^^^
  File "C:\Users\user\AppData\Roaming\uv\python\cpython-3.12-windows-x86_64-none\Lib\importlib\__init__.py", line 90, in import_module
    return _bootstrap._gcd_import(name[level:], package, level)
           ^^^^^^^^^^^^^^^^^^^^^^^^^^^^^^^^^^^^^^^^^^^^^^^^^^^^
  File "<frozen importlib._bootstrap>", line 1387, in _gcd_import
  File "<frozen importlib._bootstrap>", line 1360, in _find_and_load
  File "<frozen importlib._bootstrap>", line 1331, in _find_and_load_unlocked
  File "<frozen importlib._bootstrap>", line 935, in _load_unlocked
  File "<frozen importlib._bootstrap_external>", line 999, in exec_module
  File "<frozen importlib._bootstrap>", line 488, in _call_with_frames_removed
  File "C:\Users\user\OneDrive\Documents\Smart Transport - Senior Project\campus_transport\campus_transport\wsgi.py", line 7, in <module>
    application = get_wsgi_application()
                  ^^^^^^^^^^^^^^^^^^^^^^
  File "C:\Users\user\OneDrive\Documents\Smart Transport - Senior Project\campus_transport\.venv\Lib\site-packages\django\core\wsgi.py", line 13, in get_wsgi_application
    return WSGIHandler()
           ^^^^^^^^^^^^^
  File "C:\Users\user\OneDrive\Documents\Smart Transport - Senior Project\campus_transport\.venv\Lib\site-packages\django\core\handlers\wsgi.py", line 118, in __init__
    self.load_middleware()
  File "C:\Users\user\OneDrive\Documents\Smart Transport - Senior Project\campus_transport\.venv\Lib\site-packages\django\core\handlers\base.py", line 40, in load_middleware
    middleware = import_string(middleware_path)
                 ^^^^^^^^^^^^^^^^^^^^^^^^^^^^^^
  File "C:\Users\user\OneDrive\Documents\Smart Transport - Senior Project\campus_transport\.venv\Lib\site-packages\django\utils\module_loading.py", line 30, in import_string
    return cached_import(module_path, class_name)
           ^^^^^^^^^^^^^^^^^^^^^^^^^^^^^^^^^^^^^^
  File "C:\Users\user\OneDrive\Documents\Smart Transport - Senior Project\campus_transport\.venv\Lib\site-packages\django\utils\module_loading.py", line 15, in cached_import
    module = import_module(module_path)
             ^^^^^^^^^^^^^^^^^^^^^^^^^^
  File "C:\Users\user\AppData\Roaming\uv\python\cpython-3.12-windows-x86_64-none\Lib\importlib\__init__.py", line 90, in import_module
    return _bootstrap._gcd_import(name[level:], package, level)
           ^^^^^^^^^^^^^^^^^^^^^^^^^^^^^^^^^^^^^^^^^^^^^^^^^^^^
  File "<frozen importlib._bootstrap>", line 1387, in _gcd_import
  File "<frozen importlib._bootstrap>", line 1360, in _find_and_load
  File "<frozen importlib._bootstrap>", line 1310, in _find_and_load_unlocked
  File "<frozen importlib._bootstrap>", line 488, in _call_with_frames_removed
  File "<frozen importlib._bootstrap>", line 1387, in _gcd_import
  File "<frozen importlib._bootstrap>", line 1360, in _find_and_load
  File "<frozen importlib._bootstrap>", line 1324, in _find_and_load_unlocked
ModuleNotFoundError: No module named 'whitenoise'

The above exception was the direct cause of the following exception:

Traceback (most recent call last):
  File "C:\Users\user\AppData\Roaming\uv\python\cpython-3.12-windows-x86_64-none\Lib\threading.py", line 1075, in _bootstrap_inner
    self.run()
  File "C:\Users\user\AppData\Roaming\uv\python\cpython-3.12-windows-x86_64-none\Lib\threading.py", line 1012, in run
    self._target(*self._args, **self._kwargs)
  File "C:\Users\user\OneDrive\Documents\Smart Transport - Senior Project\campus_transport\.venv\Lib\site-packages\django\utils\autoreload.py", line 64, in wrapper
    fn(*args, **kwargs)
  File "C:\Users\user\OneDrive\Documents\Smart Transport - Senior Project\campus_transport\.venv\Lib\site-packages\django\core\management\commands\runserver.py", line 143, in inner_run
    handler = self.get_handler(*args, **options)
              ^^^^^^^^^^^^^^^^^^^^^^^^^^^^^^^^^^
  File "C:\Users\user\OneDrive\Documents\Smart Transport - Senior Project\campus_transport\.venv\Lib\site-packages\django\contrib\staticfiles\management\commands\runserver.py", line 31, in get_handler
    handler = super().get_handler(*args, **options)
              ^^^^^^^^^^^^^^^^^^^^^^^^^^^^^^^^^^^^^
  File "C:\Users\user\OneDrive\Documents\Smart Transport - Senior Project\campus_transport\.venv\Lib\site-packages\django\core\management\commands\runserver.py", line 79, in get_handler
    return get_internal_wsgi_application()
           ^^^^^^^^^^^^^^^^^^^^^^^^^^^^^^^
  File "C:\Users\user\OneDrive\Documents\Smart Transport - Senior Project\campus_transport\.venv\Lib\site-packages\django\core\servers\basehttp.py", line 50, in get_internal_wsgi_application
    raise ImproperlyConfigured(
django.core.exceptions.ImproperlyConfigured: WSGI application 'campus_transport.wsgi.application' could not be loaded; Error importing module.
C:\Users\user\OneDrive\Documents\Smart Transport - Senior Project\campus_transport\campus_transport\settings.py changed, reloading.
Watching for file changes with StatReloader
Exception in thread django-main-thread:
Traceback (most recent call last):
  File "C:\Users\user\OneDrive\Documents\Smart Transport - Senior Project\campus_transport\.venv\Lib\site-packages\django\core\servers\basehttp.py", line 48, in get_internal_wsgi_application
    return import_string(app_path)
           ^^^^^^^^^^^^^^^^^^^^^^^
  File "C:\Users\user\OneDrive\Documents\Smart Transport - Senior Project\campus_transport\.venv\Lib\site-packages\django\utils\module_loading.py", line 30, in import_string
    return cached_import(module_path, class_name)
           ^^^^^^^^^^^^^^^^^^^^^^^^^^^^^^^^^^^^^^
  File "C:\Users\user\OneDrive\Documents\Smart Transport - Senior Project\campus_transport\.venv\Lib\site-packages\django\utils\module_loading.py", line 15, in cached_import
    module = import_module(module_path)
             ^^^^^^^^^^^^^^^^^^^^^^^^^^
  File "C:\Users\user\AppData\Roaming\uv\python\cpython-3.12-windows-x86_64-none\Lib\importlib\__init__.py", line 90, in import_module
    return _bootstrap._gcd_import(name[level:], package, level)
           ^^^^^^^^^^^^^^^^^^^^^^^^^^^^^^^^^^^^^^^^^^^^^^^^^^^^
  File "<frozen importlib._bootstrap>", line 1387, in _gcd_import
  File "<frozen importlib._bootstrap>", line 1360, in _find_and_load
  File "<frozen importlib._bootstrap>", line 1331, in _find_and_load_unlocked
  File "<frozen importlib._bootstrap>", line 935, in _load_unlocked
  File "<frozen importlib._bootstrap_external>", line 999, in exec_module
  File "<frozen importlib._bootstrap>", line 488, in _call_with_frames_removed
  File "C:\Users\user\OneDrive\Documents\Smart Transport - Senior Project\campus_transport\campus_transport\wsgi.py", line 7, in <module>
    application = get_wsgi_application()
                  ^^^^^^^^^^^^^^^^^^^^^^
  File "C:\Users\user\OneDrive\Documents\Smart Transport - Senior Project\campus_transport\.venv\Lib\site-packages\django\core\wsgi.py", line 13, in get_wsgi_application
    return WSGIHandler()
           ^^^^^^^^^^^^^
  File "C:\Users\user\OneDrive\Documents\Smart Transport - Senior Project\campus_transport\.venv\Lib\site-packages\django\core\handlers\wsgi.py", line 118, in __init__
    self.load_middleware()
  File "C:\Users\user\OneDrive\Documents\Smart Transport - Senior Project\campus_transport\.venv\Lib\site-packages\django\core\handlers\base.py", line 40, in load_middleware
    middleware = import_string(middleware_path)
                 ^^^^^^^^^^^^^^^^^^^^^^^^^^^^^^
  File "C:\Users\user\OneDrive\Documents\Smart Transport - Senior Project\campus_transport\.venv\Lib\site-packages\django\utils\module_loading.py", line 30, in import_string
    return cached_import(module_path, class_name)
           ^^^^^^^^^^^^^^^^^^^^^^^^^^^^^^^^^^^^^^
  File "C:\Users\user\OneDrive\Documents\Smart Transport - Senior Project\campus_transport\.venv\Lib\site-packages\django\utils\module_loading.py", line 15, in cached_import
    module = import_module(module_path)
             ^^^^^^^^^^^^^^^^^^^^^^^^^^
  File "C:\Users\user\AppData\Roaming\uv\python\cpython-3.12-windows-x86_64-none\Lib\importlib\__init__.py", line 90, in import_module
    return _bootstrap._gcd_import(name[level:], package, level)
           ^^^^^^^^^^^^^^^^^^^^^^^^^^^^^^^^^^^^^^^^^^^^^^^^^^^^
  File "<frozen importlib._bootstrap>", line 1387, in _gcd_import
  File "<frozen importlib._bootstrap>", line 1360, in _find_and_load
  File "<frozen importlib._bootstrap>", line 1310, in _find_and_load_unlocked
  File "<frozen importlib._bootstrap>", line 488, in _call_with_frames_removed
  File "<frozen importlib._bootstrap>", line 1387, in _gcd_import
  File "<frozen importlib._bootstrap>", line 1360, in _find_and_load
  File "<frozen importlib._bootstrap>", line 1324, in _find_and_load_unlocked
ModuleNotFoundError: No module named 'whitenoise'

The above exception was the direct cause of the following exception:

Traceback (most recent call last):
  File "C:\Users\user\AppData\Roaming\uv\python\cpython-3.12-windows-x86_64-none\Lib\threading.py", line 1075, in _bootstrap_inner
    self.run()
  File "C:\Users\user\AppData\Roaming\uv\python\cpython-3.12-windows-x86_64-none\Lib\threading.py", line 1012, in run
    self._target(*self._args, **self._kwargs)
  File "C:\Users\user\OneDrive\Documents\Smart Transport - Senior Project\campus_transport\.venv\Lib\site-packages\django\utils\autoreload.py", line 64, in wrapper
    fn(*args, **kwargs)
  File "C:\Users\user\OneDrive\Documents\Smart Transport - Senior Project\campus_transport\.venv\Lib\site-packages\django\core\management\commands\runserver.py", line 143, in inner_run
    handler = self.get_handler(*args, **options)
              ^^^^^^^^^^^^^^^^^^^^^^^^^^^^^^^^^^
  File "C:\Users\user\OneDrive\Documents\Smart Transport - Senior Project\campus_transport\.venv\Lib\site-packages\django\contrib\staticfiles\management\commands\runserver.py", line 31, in get_handler
    handler = super().get_handler(*args, **options)
              ^^^^^^^^^^^^^^^^^^^^^^^^^^^^^^^^^^^^^
  File "C:\Users\user\OneDrive\Documents\Smart Transport - Senior Project\campus_transport\.venv\Lib\site-packages\django\core\management\commands\runserver.py", line 79, in get_handler
    return get_internal_wsgi_application()
           ^^^^^^^^^^^^^^^^^^^^^^^^^^^^^^^
  File "C:\Users\user\OneDrive\Documents\Smart Transport - Senior Project\campus_transport\.venv\Lib\site-packages\django\core\servers\basehttp.py", line 50, in get_internal_wsgi_application
    raise ImproperlyConfigured(
django.core.exceptions.ImproperlyConfigured: WSGI application 'campus_transport.wsgi.application' could not be loaded; Error importing module.
C:\Users\user\OneDrive\Documents\Smart Transport - Senior Project\campus_transport\campus_transport\settings.py changed, reloading.
Traceback (most recent call last):
  File "C:\Users\user\OneDrive\Documents\Smart Transport - Senior Project\campus_transport\.venv\Lib\site-packages\django\core\management\base.py", line 413, in run_from_argv
    self.execute(*args, **cmd_options)
  File "C:\Users\user\OneDrive\Documents\Smart Transport - Senior Project\campus_transport\.venv\Lib\site-packages\django\core\management\commands\runserver.py", line 75, in execute
    super().execute(*args, **options)
  File "C:\Users\user\OneDrive\Documents\Smart Transport - Senior Project\campus_transport\.venv\Lib\site-packages\django\core\management\base.py", line 459, in execute
    output = self.handle(*args, **options)
             ^^^^^^^^^^^^^^^^^^^^^^^^^^^^^
  File "C:\Users\user\OneDrive\Documents\Smart Transport - Senior Project\campus_transport\.venv\Lib\site-packages\django\core\management\commands\runserver.py", line 82, in handle
    if not settings.DEBUG and not settings.ALLOWED_HOSTS:
           ^^^^^^^^^^^^^^
  File "C:\Users\user\OneDrive\Documents\Smart Transport - Senior Project\campus_transport\.venv\Lib\site-packages\django\conf\__init__.py", line 81, in __getattr__
    self._setup(name)
  File "C:\Users\user\OneDrive\Documents\Smart Transport - Senior Project\campus_transport\.venv\Lib\site-packages\django\conf\__init__.py", line 68, in _setup
    self._wrapped = Settings(settings_module)
                    ^^^^^^^^^^^^^^^^^^^^^^^^^
  File "C:\Users\user\OneDrive\Documents\Smart Transport - Senior Project\campus_transport\.venv\Lib\site-packages\django\conf\__init__.py", line 166, in __init__
    mod = importlib.import_module(self.SETTINGS_MODULE)
          ^^^^^^^^^^^^^^^^^^^^^^^^^^^^^^^^^^^^^^^^^^^^^
  File "C:\Users\user\AppData\Roaming\uv\python\cpython-3.12-windows-x86_64-none\Lib\importlib\__init__.py", line 90, in import_module
    return _bootstrap._gcd_import(name[level:], package, level)
           ^^^^^^^^^^^^^^^^^^^^^^^^^^^^^^^^^^^^^^^^^^^^^^^^^^^^
  File "<frozen importlib._bootstrap>", line 1387, in _gcd_import
  File "<frozen importlib._bootstrap>", line 1360, in _find_and_load
  File "<frozen importlib._bootstrap>", line 1331, in _find_and_load_unlocked
  File "<frozen importlib._bootstrap>", line 935, in _load_unlocked
  File "<frozen importlib._bootstrap_external>", line 999, in exec_module
  File "<frozen importlib._bootstrap>", line 488, in _call_with_frames_removed
  File "C:\Users\user\OneDrive\Documents\Smart Transport - Senior Project\campus_transport\campus_transport\settings.py", line 3, in <module>
    import dj_database_url
ModuleNotFoundError: No module named 'dj_database_url'

During handling of the above exception, another exception occurred:

Traceback (most recent call last):
  File "C:\Users\user\OneDrive\Documents\Smart Transport - Senior Project\campus_transport\manage.py", line 18, in <module>
    main()
  File "C:\Users\user\OneDrive\Documents\Smart Transport - Senior Project\campus_transport\manage.py", line 14, in main
    execute_from_command_line(sys.argv)
  File "C:\Users\user\OneDrive\Documents\Smart Transport - Senior Project\campus_transport\.venv\Lib\site-packages\django\core\management\__init__.py", line 442, in execute_from_command_line
    utility.execute()
  File "C:\Users\user\OneDrive\Documents\Smart Transport - Senior Project\campus_transport\.venv\Lib\site-packages\django\core\management\__init__.py", line 436, in execute
    self.fetch_command(subcommand).run_from_argv(self.argv)
  File "C:\Users\user\OneDrive\Documents\Smart Transport - Senior Project\campus_transport\.venv\Lib\site-packages\django\core\management\base.py", line 426, in run_from_argv
    connections.close_all()
  File "C:\Users\user\OneDrive\Documents\Smart Transport - Senior Project\campus_transport\.venv\Lib\site-packages\django\utils\connection.py", line 84, in close_all
    for conn in self.all(initialized_only=True):
                ^^^^^^^^^^^^^^^^^^^^^^^^^^^^^^^
  File "C:\Users\user\OneDrive\Documents\Smart Transport - Senior Project\campus_transport\.venv\Lib\site-packages\django\utils\connection.py", line 78, in all
    for alias in self
                 ^^^^
  File "C:\Users\user\OneDrive\Documents\Smart Transport - Senior Project\campus_transport\.venv\Lib\site-packages\django\utils\connection.py", line 73, in __iter__
    return iter(self.settings)
                ^^^^^^^^^^^^^
  File "C:\Users\user\OneDrive\Documents\Smart Transport - Senior Project\campus_transport\.venv\Lib\site-packages\django\utils\functional.py", line 47, in __get__
    res = instance.__dict__[self.name] = self.func(instance)
                                         ^^^^^^^^^^^^^^^^^^^
  File "C:\Users\user\OneDrive\Documents\Smart Transport - Senior Project\campus_transport\.venv\Lib\site-packages\django\utils\connection.py", line 45, in settings
    self._settings = self.configure_settings(self._settings)
                     ^^^^^^^^^^^^^^^^^^^^^^^^^^^^^^^^^^^^^^^
  File "C:\Users\user\OneDrive\Documents\Smart Transport - Senior Project\campus_transport\.venv\Lib\site-packages\django\db\utils.py", line 148, in configure_settings
    databases = super().configure_settings(databases)
                ^^^^^^^^^^^^^^^^^^^^^^^^^^^^^^^^^^^^^
  File "C:\Users\user\OneDrive\Documents\Smart Transport - Senior Project\campus_transport\.venv\Lib\site-packages\django\utils\connection.py", line 50, in configure_settings
    settings = getattr(django_settings, self.settings_name)
               ^^^^^^^^^^^^^^^^^^^^^^^^^^^^^^^^^^^^^^^^^^^^
  File "C:\Users\user\OneDrive\Documents\Smart Transport - Senior Project\campus_transport\.venv\Lib\site-packages\django\conf\__init__.py", line 81, in __getattr__
    self._setup(name)
  File "C:\Users\user\OneDrive\Documents\Smart Transport - Senior Project\campus_transport\.venv\Lib\site-packages\django\conf\__init__.py", line 68, in _setup
    self._wrapped = Settings(settings_module)
                    ^^^^^^^^^^^^^^^^^^^^^^^^^
  File "C:\Users\user\OneDrive\Documents\Smart Transport - Senior Project\campus_transport\.venv\Lib\site-packages\django\conf\__init__.py", line 166, in __init__
    mod = importlib.import_module(self.SETTINGS_MODULE)
          ^^^^^^^^^^^^^^^^^^^^^^^^^^^^^^^^^^^^^^^^^^^^^
  File "C:\Users\user\AppData\Roaming\uv\python\cpython-3.12-windows-x86_64-none\Lib\importlib\__init__.py", line 90, in import_module
    return _bootstrap._gcd_import(name[level:], package, level)
           ^^^^^^^^^^^^^^^^^^^^^^^^^^^^^^^^^^^^^^^^^^^^^^^^^^^^
  File "<frozen importlib._bootstrap>", line 1387, in _gcd_import
  File "<frozen importlib._bootstrap>", line 1360, in _find_and_load
  File "<frozen importlib._bootstrap>", line 1331, in _find_and_load_unlocked
  File "<frozen importlib._bootstrap>", line 935, in _load_unlocked
  File "<frozen importlib._bootstrap_external>", line 999, in exec_module
  File "<frozen importlib._bootstrap>", line 488, in _call_with_frames_removed
  File "C:\Users\user\OneDrive\Documents\Smart Transport - Senior Project\campus_transport\campus_transport\settings.py", line 3, in <module>
    import dj_database_url
ModuleNotFoundError: No module named 'dj_database_url'
